{"D:\\Dev\\planner-case\\BackEnd\\src\\server.ts": {"path":"D:\\Dev\\planner-case\\BackEnd\\src\\server.ts","statementMap":{"0":{"start":{"line":1,"column":0},"end":{"line":1,"column":34}},"1":{"start":{"line":3,"column":0},"end":{"line":6,"column":5}},"2":{"start":{"line":4,"column":17},"end":{"line":4,"column":36}},"3":{"start":{"line":5,"column":2},"end":{"line":5,"column":49}}},"fnMap":{"0":{"name":"(anonymous_1)","decl":{"start":{"line":3,"column":1},"end":{"line":3,"column":6}},"loc":{"start":{"line":3,"column":12},"end":{"line":6,"column":1}}}},"branchMap":{},"s":{"0":0,"1":0,"2":0,"3":0},"f":{"0":0},"b":{}}
,"D:\\Dev\\planner-case\\BackEnd\\src\\generated\\prisma\\client.d.ts": {"path":"D:\\Dev\\planner-case\\BackEnd\\src\\generated\\prisma\\client.d.ts","statementMap":{},"fnMap":{},"branchMap":{},"s":{},"f":{},"b":{}}
,"D:\\Dev\\planner-case\\BackEnd\\src\\generated\\prisma\\default.d.ts": {"path":"D:\\Dev\\planner-case\\BackEnd\\src\\generated\\prisma\\default.d.ts","statementMap":{},"fnMap":{},"branchMap":{},"s":{},"f":{},"b":{}}
,"D:\\Dev\\planner-case\\BackEnd\\src\\generated\\prisma\\edge.d.ts": {"path":"D:\\Dev\\planner-case\\BackEnd\\src\\generated\\prisma\\edge.d.ts","statementMap":{},"fnMap":{},"branchMap":{},"s":{},"f":{},"b":{}}
,"D:\\Dev\\planner-case\\BackEnd\\src\\generated\\prisma\\index.d.ts": {"path":"D:\\Dev\\planner-case\\BackEnd\\src\\generated\\prisma\\index.d.ts","statementMap":{},"fnMap":{},"branchMap":{},"s":{},"f":{},"b":{}}
,"D:\\Dev\\planner-case\\BackEnd\\src\\generated\\prisma\\wasm.d.ts": {"path":"D:\\Dev\\planner-case\\BackEnd\\src\\generated\\prisma\\wasm.d.ts","statementMap":{},"fnMap":{},"branchMap":{},"s":{},"f":{},"b":{}}
,"D:\\Dev\\planner-case\\BackEnd\\src\\generated\\prisma\\runtime\\index-browser.d.ts": {"path":"D:\\Dev\\planner-case\\BackEnd\\src\\generated\\prisma\\runtime\\index-browser.d.ts","statementMap":{},"fnMap":{},"branchMap":{},"s":{},"f":{},"b":{}}
,"D:\\Dev\\planner-case\\BackEnd\\src\\generated\\prisma\\runtime\\library.d.ts": {"path":"D:\\Dev\\planner-case\\BackEnd\\src\\generated\\prisma\\runtime\\library.d.ts","statementMap":{},"fnMap":{},"branchMap":{},"s":{},"f":{},"b":{}}
,"D:\\Dev\\planner-case\\BackEnd\\src\\plugins\\prisma.ts": {"path":"D:\\Dev\\planner-case\\BackEnd\\src\\plugins\\prisma.ts","statementMap":{"0":{"start":{"line":1,"column":0},"end":{"line":1,"column":46}},"1":{"start":{"line":2,"column":0},"end":{"line":2,"column":32}},"2":{"start":{"line":4,"column":15},"end":{"line":4,"column":33}},"3":{"start":{"line":6,"column":0},"end":{"line":13,"column":3}},"4":{"start":{"line":8,"column":2},"end":{"line":8,"column":36}},"5":{"start":{"line":10,"column":2},"end":{"line":12,"column":5}},"6":{"start":{"line":11,"column":4},"end":{"line":11,"column":35}}},"fnMap":{"0":{"name":"(anonymous_1)","decl":{"start":{"line":6,"column":18},"end":{"line":6,"column":23}},"loc":{"start":{"line":6,"column":35},"end":{"line":13,"column":1}}},"1":{"name":"(anonymous_2)","decl":{"start":{"line":10,"column":28},"end":{"line":10,"column":33}},"loc":{"start":{"line":10,"column":42},"end":{"line":12,"column":3}}}},"branchMap":{},"s":{"0":4,"1":4,"2":4,"3":4,"4":4,"5":4,"6":4},"f":{"0":4,"1":4},"b":{}}
,"D:\\Dev\\planner-case\\BackEnd\\src\\routes\\allocations.ts": {"path":"D:\\Dev\\planner-case\\BackEnd\\src\\routes\\allocations.ts","statementMap":{"0":{"start":{"line":4,"column":0},"end":{"line":4,"column":15}},"1":{"start":{"line":2,"column":0},"end":{"line":2,"column":94}},"2":{"start":{"line":5,"column":2},"end":{"line":9,"column":5}},"3":{"start":{"line":6,"column":19},"end":{"line":6,"column":57}},"4":{"start":{"line":7,"column":23},"end":{"line":7,"column":78}},"5":{"start":{"line":8,"column":4},"end":{"line":8,"column":44}},"6":{"start":{"line":11,"column":2},"end":{"line":13,"column":5}},"7":{"start":{"line":12,"column":4},"end":{"line":12,"column":47}},"8":{"start":{"line":15,"column":2},"end":{"line":22,"column":5}},"9":{"start":{"line":16,"column":19},"end":{"line":16,"column":47}},"10":{"start":{"line":17,"column":23},"end":{"line":19,"column":6}},"11":{"start":{"line":20,"column":4},"end":{"line":20,"column":75}},"12":{"start":{"line":20,"column":21},"end":{"line":20,"column":75}},"13":{"start":{"line":21,"column":4},"end":{"line":21,"column":22}},"14":{"start":{"line":24,"column":2},"end":{"line":32,"column":5}},"15":{"start":{"line":25,"column":19},"end":{"line":25,"column":47}},"16":{"start":{"line":26,"column":19},"end":{"line":26,"column":57}},"17":{"start":{"line":27,"column":23},"end":{"line":30,"column":6}},"18":{"start":{"line":31,"column":4},"end":{"line":31,"column":22}},"19":{"start":{"line":34,"column":2},"end":{"line":38,"column":5}},"20":{"start":{"line":35,"column":19},"end":{"line":35,"column":47}},"21":{"start":{"line":36,"column":4},"end":{"line":36,"column":73}},"22":{"start":{"line":37,"column":4},"end":{"line":37,"column":34}}},"fnMap":{"0":{"name":"allocationsRoutes","decl":{"start":{"line":4,"column":30},"end":{"line":4,"column":47}},"loc":{"start":{"line":4,"column":71},"end":{"line":39,"column":1}}},"1":{"name":"(anonymous_1)","decl":{"start":{"line":5,"column":19},"end":{"line":5,"column":24}},"loc":{"start":{"line":5,"column":40},"end":{"line":9,"column":3}}},"2":{"name":"(anonymous_2)","decl":{"start":{"line":11,"column":18},"end":{"line":11,"column":23}},"loc":{"start":{"line":11,"column":29},"end":{"line":13,"column":3}}},"3":{"name":"(anonymous_3)","decl":{"start":{"line":15,"column":21},"end":{"line":15,"column":26}},"loc":{"start":{"line":15,"column":42},"end":{"line":22,"column":3}}},"4":{"name":"(anonymous_4)","decl":{"start":{"line":24,"column":23},"end":{"line":24,"column":28}},"loc":{"start":{"line":24,"column":37},"end":{"line":32,"column":3}}},"5":{"name":"(anonymous_5)","decl":{"start":{"line":34,"column":24},"end":{"line":34,"column":29}},"loc":{"start":{"line":34,"column":45},"end":{"line":38,"column":3}}}},"branchMap":{"0":{"loc":{"start":{"line":20,"column":4},"end":{"line":20,"column":75}},"type":"if","locations":[{"start":{"line":20,"column":4},"end":{"line":20,"column":75}},{"start":{},"end":{}}]}},"s":{"0":4,"1":4,"2":4,"3":2,"4":2,"5":2,"6":4,"7":1,"8":4,"9":2,"10":2,"11":2,"12":1,"13":1,"14":4,"15":1,"16":1,"17":1,"18":1,"19":4,"20":1,"21":1,"22":1},"f":{"0":4,"1":2,"2":1,"3":2,"4":1,"5":1},"b":{"0":[1,1]}}
,"D:\\Dev\\planner-case\\BackEnd\\src\\routes\\insurances.ts": {"path":"D:\\Dev\\planner-case\\BackEnd\\src\\routes\\insurances.ts","statementMap":{"0":{"start":{"line":5,"column":0},"end":{"line":5,"column":15}},"1":{"start":{"line":2,"column":0},"end":{"line":2,"column":91}},"2":{"start":{"line":3,"column":0},"end":{"line":3,"column":40}},"3":{"start":{"line":6,"column":2},"end":{"line":10,"column":5}},"4":{"start":{"line":7,"column":19},"end":{"line":7,"column":56}},"5":{"start":{"line":8,"column":22},"end":{"line":8,"column":76}},"6":{"start":{"line":9,"column":4},"end":{"line":9,"column":43}},"7":{"start":{"line":12,"column":2},"end":{"line":14,"column":5}},"8":{"start":{"line":13,"column":4},"end":{"line":13,"column":46}},"9":{"start":{"line":16,"column":2},"end":{"line":23,"column":5}},"10":{"start":{"line":17,"column":19},"end":{"line":17,"column":47}},"11":{"start":{"line":18,"column":22},"end":{"line":20,"column":6}},"12":{"start":{"line":21,"column":4},"end":{"line":21,"column":74}},"13":{"start":{"line":21,"column":20},"end":{"line":21,"column":74}},"14":{"start":{"line":22,"column":4},"end":{"line":22,"column":21}},"15":{"start":{"line":25,"column":2},"end":{"line":33,"column":5}},"16":{"start":{"line":26,"column":19},"end":{"line":26,"column":47}},"17":{"start":{"line":27,"column":19},"end":{"line":27,"column":56}},"18":{"start":{"line":28,"column":22},"end":{"line":31,"column":6}},"19":{"start":{"line":32,"column":4},"end":{"line":32,"column":21}},"20":{"start":{"line":35,"column":2},"end":{"line":48,"column":5}},"21":{"start":{"line":36,"column":19},"end":{"line":36,"column":47}},"22":{"start":{"line":37,"column":4},"end":{"line":47,"column":5}},"23":{"start":{"line":38,"column":6},"end":{"line":38,"column":74}},"24":{"start":{"line":39,"column":6},"end":{"line":39,"column":36}},"25":{"start":{"line":41,"column":6},"end":{"line":45,"column":7}},"26":{"start":{"line":42,"column":8},"end":{"line":44,"column":9}},"27":{"start":{"line":43,"column":10},"end":{"line":43,"column":64}},"28":{"start":{"line":46,"column":6},"end":{"line":46,"column":14}}},"fnMap":{"0":{"name":"insurancesRoutes","decl":{"start":{"line":5,"column":30},"end":{"line":5,"column":46}},"loc":{"start":{"line":5,"column":70},"end":{"line":49,"column":1}}},"1":{"name":"(anonymous_1)","decl":{"start":{"line":6,"column":19},"end":{"line":6,"column":24}},"loc":{"start":{"line":6,"column":40},"end":{"line":10,"column":3}}},"2":{"name":"(anonymous_2)","decl":{"start":{"line":12,"column":18},"end":{"line":12,"column":23}},"loc":{"start":{"line":12,"column":29},"end":{"line":14,"column":3}}},"3":{"name":"(anonymous_3)","decl":{"start":{"line":16,"column":21},"end":{"line":16,"column":26}},"loc":{"start":{"line":16,"column":42},"end":{"line":23,"column":3}}},"4":{"name":"(anonymous_4)","decl":{"start":{"line":25,"column":23},"end":{"line":25,"column":28}},"loc":{"start":{"line":25,"column":44},"end":{"line":33,"column":3}}},"5":{"name":"(anonymous_5)","decl":{"start":{"line":35,"column":24},"end":{"line":35,"column":29}},"loc":{"start":{"line":35,"column":45},"end":{"line":48,"column":3}}}},"branchMap":{"0":{"loc":{"start":{"line":21,"column":4},"end":{"line":21,"column":74}},"type":"if","locations":[{"start":{"line":21,"column":4},"end":{"line":21,"column":74}},{"start":{},"end":{}}]},"1":{"loc":{"start":{"line":41,"column":6},"end":{"line":45,"column":7}},"type":"if","locations":[{"start":{"line":41,"column":6},"end":{"line":45,"column":7}},{"start":{},"end":{}}]},"2":{"loc":{"start":{"line":42,"column":8},"end":{"line":44,"column":9}},"type":"if","locations":[{"start":{"line":42,"column":8},"end":{"line":44,"column":9}},{"start":{},"end":{}}]}},"s":{"0":4,"1":4,"2":4,"3":4,"4":1,"5":1,"6":1,"7":4,"8":1,"9":4,"10":2,"11":2,"12":2,"13":1,"14":1,"15":4,"16":1,"17":1,"18":1,"19":1,"20":4,"21":2,"22":2,"23":2,"24":1,"25":1,"26":1,"27":1,"28":0},"f":{"0":4,"1":1,"2":1,"3":2,"4":1,"5":2},"b":{"0":[1,1],"1":[1,0],"2":[1,0]}}
,"D:\\Dev\\planner-case\\BackEnd\\src\\routes\\movements.ts": {"path":"D:\\Dev\\planner-case\\BackEnd\\src\\routes\\movements.ts","statementMap":{"0":{"start":{"line":5,"column":0},"end":{"line":5,"column":15}},"1":{"start":{"line":2,"column":0},"end":{"line":2,"column":88}},"2":{"start":{"line":3,"column":0},"end":{"line":3,"column":40}},"3":{"start":{"line":6,"column":2},"end":{"line":10,"column":5}},"4":{"start":{"line":7,"column":19},"end":{"line":7,"column":55}},"5":{"start":{"line":8,"column":21},"end":{"line":8,"column":74}},"6":{"start":{"line":9,"column":4},"end":{"line":9,"column":42}},"7":{"start":{"line":12,"column":2},"end":{"line":14,"column":5}},"8":{"start":{"line":13,"column":4},"end":{"line":13,"column":45}},"9":{"start":{"line":16,"column":2},"end":{"line":23,"column":5}},"10":{"start":{"line":17,"column":19},"end":{"line":17,"column":47}},"11":{"start":{"line":18,"column":21},"end":{"line":20,"column":6}},"12":{"start":{"line":21,"column":4},"end":{"line":21,"column":73}},"13":{"start":{"line":21,"column":19},"end":{"line":21,"column":73}},"14":{"start":{"line":22,"column":4},"end":{"line":22,"column":20}},"15":{"start":{"line":25,"column":2},"end":{"line":33,"column":5}},"16":{"start":{"line":26,"column":19},"end":{"line":26,"column":47}},"17":{"start":{"line":27,"column":19},"end":{"line":27,"column":55}},"18":{"start":{"line":28,"column":21},"end":{"line":31,"column":6}},"19":{"start":{"line":32,"column":4},"end":{"line":32,"column":20}},"20":{"start":{"line":35,"column":2},"end":{"line":48,"column":5}},"21":{"start":{"line":36,"column":19},"end":{"line":36,"column":47}},"22":{"start":{"line":37,"column":4},"end":{"line":47,"column":5}},"23":{"start":{"line":38,"column":6},"end":{"line":38,"column":73}},"24":{"start":{"line":39,"column":6},"end":{"line":39,"column":36}},"25":{"start":{"line":41,"column":6},"end":{"line":45,"column":7}},"26":{"start":{"line":42,"column":8},"end":{"line":44,"column":9}},"27":{"start":{"line":43,"column":10},"end":{"line":43,"column":64}},"28":{"start":{"line":46,"column":6},"end":{"line":46,"column":14}}},"fnMap":{"0":{"name":"movementsRoutes","decl":{"start":{"line":5,"column":30},"end":{"line":5,"column":45}},"loc":{"start":{"line":5,"column":69},"end":{"line":49,"column":1}}},"1":{"name":"(anonymous_1)","decl":{"start":{"line":6,"column":19},"end":{"line":6,"column":24}},"loc":{"start":{"line":6,"column":40},"end":{"line":10,"column":3}}},"2":{"name":"(anonymous_2)","decl":{"start":{"line":12,"column":18},"end":{"line":12,"column":23}},"loc":{"start":{"line":12,"column":29},"end":{"line":14,"column":3}}},"3":{"name":"(anonymous_3)","decl":{"start":{"line":16,"column":21},"end":{"line":16,"column":26}},"loc":{"start":{"line":16,"column":42},"end":{"line":23,"column":3}}},"4":{"name":"(anonymous_4)","decl":{"start":{"line":25,"column":23},"end":{"line":25,"column":28}},"loc":{"start":{"line":25,"column":44},"end":{"line":33,"column":3}}},"5":{"name":"(anonymous_5)","decl":{"start":{"line":35,"column":24},"end":{"line":35,"column":29}},"loc":{"start":{"line":35,"column":45},"end":{"line":48,"column":3}}}},"branchMap":{"0":{"loc":{"start":{"line":21,"column":4},"end":{"line":21,"column":73}},"type":"if","locations":[{"start":{"line":21,"column":4},"end":{"line":21,"column":73}},{"start":{},"end":{}}]},"1":{"loc":{"start":{"line":41,"column":6},"end":{"line":45,"column":7}},"type":"if","locations":[{"start":{"line":41,"column":6},"end":{"line":45,"column":7}},{"start":{},"end":{}}]},"2":{"loc":{"start":{"line":42,"column":8},"end":{"line":44,"column":9}},"type":"if","locations":[{"start":{"line":42,"column":8},"end":{"line":44,"column":9}},{"start":{},"end":{}}]}},"s":{"0":4,"1":4,"2":4,"3":4,"4":2,"5":2,"6":2,"7":4,"8":1,"9":4,"10":2,"11":2,"12":2,"13":1,"14":1,"15":4,"16":1,"17":1,"18":1,"19":1,"20":4,"21":2,"22":2,"23":2,"24":1,"25":1,"26":1,"27":1,"28":0},"f":{"0":4,"1":2,"2":1,"3":2,"4":1,"5":2},"b":{"0":[1,1],"1":[1,0],"2":[1,0]}}
,"D:\\Dev\\planner-case\\BackEnd\\src\\routes\\simulations.ts": {"path":"D:\\Dev\\planner-case\\BackEnd\\src\\routes\\simulations.ts","statementMap":{"0":{"start":{"line":6,"column":0},"end":{"line":6,"column":15}},"1":{"start":{"line":2,"column":0},"end":{"line":2,"column":94}},"2":{"start":{"line":3,"column":0},"end":{"line":3,"column":61}},"3":{"start":{"line":4,"column":0},"end":{"line":4,"column":53}},"4":{"start":{"line":8,"column":2},"end":{"line":16,"column":5}},"5":{"start":{"line":9,"column":19},"end":{"line":9,"column":57}},"6":{"start":{"line":11,"column":23},"end":{"line":13,"column":6}},"7":{"start":{"line":15,"column":4},"end":{"line":15,"column":44}},"8":{"start":{"line":18,"column":2},"end":{"line":27,"column":5}},"9":{"start":{"line":19,"column":4},"end":{"line":26,"column":7}},"10":{"start":{"line":29,"column":2},"end":{"line":43,"column":5}},"11":{"start":{"line":30,"column":19},"end":{"line":30,"column":47}},"12":{"start":{"line":31,"column":23},"end":{"line":39,"column":6}},"13":{"start":{"line":41,"column":4},"end":{"line":41,"column":75}},"14":{"start":{"line":41,"column":21},"end":{"line":41,"column":75}},"15":{"start":{"line":42,"column":4},"end":{"line":42,"column":22}},"16":{"start":{"line":45,"column":2},"end":{"line":53,"column":5}},"17":{"start":{"line":46,"column":19},"end":{"line":46,"column":47}},"18":{"start":{"line":47,"column":19},"end":{"line":47,"column":57}},"19":{"start":{"line":48,"column":23},"end":{"line":51,"column":6}},"20":{"start":{"line":52,"column":4},"end":{"line":52,"column":22}},"21":{"start":{"line":55,"column":2},"end":{"line":59,"column":5}},"22":{"start":{"line":56,"column":19},"end":{"line":56,"column":47}},"23":{"start":{"line":57,"column":4},"end":{"line":57,"column":73}},"24":{"start":{"line":58,"column":4},"end":{"line":58,"column":34}},"25":{"start":{"line":61,"column":2},"end":{"line":80,"column":3}},"26":{"start":{"line":62,"column":17},"end":{"line":62,"column":45}},"27":{"start":{"line":64,"column":23},"end":{"line":71,"column":6}},"28":{"start":{"line":73,"column":4},"end":{"line":75,"column":5}},"29":{"start":{"line":74,"column":6},"end":{"line":74,"column":71}},"30":{"start":{"line":77,"column":23},"end":{"line":77,"column":54}},"31":{"start":{"line":79,"column":4},"end":{"line":79,"column":22}},"32":{"start":{"line":82,"column":2},"end":{"line":147,"column":5}},"33":{"start":{"line":83,"column":19},"end":{"line":83,"column":47}},"34":{"start":{"line":84,"column":36},"end":{"line":84,"column":50}},"35":{"start":{"line":86,"column":21},"end":{"line":93,"column":6}},"36":{"start":{"line":95,"column":4},"end":{"line":97,"column":5}},"37":{"start":{"line":96,"column":6},"end":{"line":96,"column":71}},"38":{"start":{"line":99,"column":19},"end":{"line":99,"column":51}},"39":{"start":{"line":101,"column":26},"end":{"line":104,"column":6}},"40":{"start":{"line":106,"column":24},"end":{"line":106,"column":69}},"41":{"start":{"line":108,"column":19},"end":{"line":144,"column":6}},"42":{"start":{"line":117,"column":51},"end":{"line":122,"column":12}},"43":{"start":{"line":125,"column":49},"end":{"line":131,"column":12}},"44":{"start":{"line":134,"column":50},"end":{"line":140,"column":12}},"45":{"start":{"line":146,"column":4},"end":{"line":146,"column":40}},"46":{"start":{"line":150,"column":2},"end":{"line":170,"column":5}},"47":{"start":{"line":151,"column":19},"end":{"line":151,"column":47}},"48":{"start":{"line":152,"column":23},"end":{"line":154,"column":6}},"49":{"start":{"line":156,"column":4},"end":{"line":158,"column":5}},"50":{"start":{"line":157,"column":6},"end":{"line":157,"column":71}},"51":{"start":{"line":160,"column":21},"end":{"line":160,"column":57}},"52":{"start":{"line":162,"column":21},"end":{"line":167,"column":6}},"53":{"start":{"line":169,"column":4},"end":{"line":169,"column":20}},"54":{"start":{"line":172,"column":2},"end":{"line":191,"column":5}},"55":{"start":{"line":173,"column":17},"end":{"line":173,"column":45}},"56":{"start":{"line":175,"column":23},"end":{"line":182,"column":6}},"57":{"start":{"line":184,"column":4},"end":{"line":186,"column":5}},"58":{"start":{"line":185,"column":6},"end":{"line":185,"column":71}},"59":{"start":{"line":188,"column":21},"end":{"line":188,"column":46}},"60":{"start":{"line":190,"column":4},"end":{"line":190,"column":20}}},"fnMap":{"0":{"name":"simulationsRoutes","decl":{"start":{"line":6,"column":30},"end":{"line":6,"column":47}},"loc":{"start":{"line":6,"column":71},"end":{"line":193,"column":1}}},"1":{"name":"(anonymous_1)","decl":{"start":{"line":8,"column":19},"end":{"line":8,"column":24}},"loc":{"start":{"line":8,"column":40},"end":{"line":16,"column":3}}},"2":{"name":"(anonymous_2)","decl":{"start":{"line":18,"column":18},"end":{"line":18,"column":23}},"loc":{"start":{"line":18,"column":29},"end":{"line":27,"column":3}}},"3":{"name":"(anonymous_3)","decl":{"start":{"line":29,"column":21},"end":{"line":29,"column":26}},"loc":{"start":{"line":29,"column":42},"end":{"line":43,"column":3}}},"4":{"name":"(anonymous_4)","decl":{"start":{"line":45,"column":23},"end":{"line":45,"column":28}},"loc":{"start":{"line":45,"column":44},"end":{"line":53,"column":3}}},"5":{"name":"(anonymous_5)","decl":{"start":{"line":55,"column":24},"end":{"line":55,"column":29}},"loc":{"start":{"line":55,"column":45},"end":{"line":59,"column":3}}},"6":{"name":"(anonymous_6)","decl":{"start":{"line":61,"column":32},"end":{"line":61,"column":37}},"loc":{"start":{"line":61,"column":53},"end":{"line":80,"column":1}}},"7":{"name":"(anonymous_7)","decl":{"start":{"line":82,"column":30},"end":{"line":82,"column":35}},"loc":{"start":{"line":82,"column":51},"end":{"line":147,"column":3}}},"8":{"name":"(anonymous_8)","decl":{"start":{"line":117,"column":43},"end":{"line":117,"column":44}},"loc":{"start":{"line":117,"column":51},"end":{"line":122,"column":12}}},"9":{"name":"(anonymous_9)","decl":{"start":{"line":125,"column":41},"end":{"line":125,"column":42}},"loc":{"start":{"line":125,"column":49},"end":{"line":131,"column":12}}},"10":{"name":"(anonymous_10)","decl":{"start":{"line":134,"column":42},"end":{"line":134,"column":43}},"loc":{"start":{"line":134,"column":50},"end":{"line":140,"column":12}}},"11":{"name":"(anonymous_11)","decl":{"start":{"line":150,"column":30},"end":{"line":150,"column":35}},"loc":{"start":{"line":150,"column":51},"end":{"line":170,"column":3}}},"12":{"name":"(anonymous_12)","decl":{"start":{"line":172,"column":30},"end":{"line":172,"column":35}},"loc":{"start":{"line":172,"column":51},"end":{"line":191,"column":3}}}},"branchMap":{"0":{"loc":{"start":{"line":41,"column":4},"end":{"line":41,"column":75}},"type":"if","locations":[{"start":{"line":41,"column":4},"end":{"line":41,"column":75}},{"start":{},"end":{}}]},"1":{"loc":{"start":{"line":73,"column":4},"end":{"line":75,"column":5}},"type":"if","locations":[{"start":{"line":73,"column":4},"end":{"line":75,"column":5}},{"start":{},"end":{}}]},"2":{"loc":{"start":{"line":84,"column":36},"end":{"line":84,"column":50}},"type":"binary-expr","locations":[{"start":{"line":84,"column":36},"end":{"line":84,"column":44}},{"start":{"line":84,"column":48},"end":{"line":84,"column":50}}]},"3":{"loc":{"start":{"line":95,"column":4},"end":{"line":97,"column":5}},"type":"if","locations":[{"start":{"line":95,"column":4},"end":{"line":97,"column":5}},{"start":{},"end":{}}]},"4":{"loc":{"start":{"line":99,"column":19},"end":{"line":99,"column":51}},"type":"binary-expr","locations":[{"start":{"line":99,"column":19},"end":{"line":99,"column":36}},{"start":{"line":99,"column":40},"end":{"line":99,"column":51}}]},"5":{"loc":{"start":{"line":106,"column":24},"end":{"line":106,"column":69}},"type":"cond-expr","locations":[{"start":{"line":106,"column":40},"end":{"line":106,"column":65}},{"start":{"line":106,"column":68},"end":{"line":106,"column":69}}]},"6":{"loc":{"start":{"line":110,"column":14},"end":{"line":110,"column":35}},"type":"binary-expr","locations":[{"start":{"line":110,"column":14},"end":{"line":110,"column":18}},{"start":{"line":110,"column":22},"end":{"line":110,"column":35}}]},"7":{"loc":{"start":{"line":112,"column":14},"end":{"line":112,"column":35}},"type":"binary-expr","locations":[{"start":{"line":112,"column":14},"end":{"line":112,"column":18}},{"start":{"line":112,"column":22},"end":{"line":112,"column":35}}]},"8":{"loc":{"start":{"line":113,"column":17},"end":{"line":113,"column":50}},"type":"binary-expr","locations":[{"start":{"line":113,"column":17},"end":{"line":113,"column":31}},{"start":{"line":113,"column":35},"end":{"line":113,"column":50}}]},"9":{"loc":{"start":{"line":115,"column":18},"end":{"line":115,"column":50}},"type":"binary-expr","locations":[{"start":{"line":115,"column":18},"end":{"line":115,"column":35}},{"start":{"line":115,"column":39},"end":{"line":115,"column":50}}]},"10":{"loc":{"start":{"line":156,"column":4},"end":{"line":158,"column":5}},"type":"if","locations":[{"start":{"line":156,"column":4},"end":{"line":158,"column":5}},{"start":{},"end":{}}]},"11":{"loc":{"start":{"line":160,"column":21},"end":{"line":160,"column":57}},"type":"binary-expr","locations":[{"start":{"line":160,"column":21},"end":{"line":160,"column":40}},{"start":{"line":160,"column":44},"end":{"line":160,"column":57}}]},"12":{"loc":{"start":{"line":184,"column":4},"end":{"line":186,"column":5}},"type":"if","locations":[{"start":{"line":184,"column":4},"end":{"line":186,"column":5}},{"start":{},"end":{}}]}},"s":{"0":4,"1":4,"2":4,"3":4,"4":4,"5":1,"6":1,"7":1,"8":4,"9":1,"10":4,"11":2,"12":2,"13":2,"14":1,"15":1,"16":4,"17":0,"18":0,"19":0,"20":0,"21":4,"22":1,"23":1,"24":1,"25":4,"26":2,"27":2,"28":2,"29":1,"30":1,"31":1,"32":4,"33":2,"34":2,"35":2,"36":2,"37":1,"38":1,"39":1,"40":1,"41":1,"42":1,"43":1,"44":1,"45":1,"46":4,"47":0,"48":0,"49":0,"50":0,"51":0,"52":0,"53":0,"54":4,"55":2,"56":2,"57":2,"58":1,"59":1,"60":1},"f":{"0":4,"1":1,"2":1,"3":2,"4":0,"5":1,"6":2,"7":2,"8":1,"9":1,"10":1,"11":0,"12":2},"b":{"0":[1,1],"1":[1,1],"2":[2,2],"3":[1,1],"4":[1,1],"5":[1,0],"6":[1,1],"7":[1,1],"8":[1,1],"9":[1,1],"10":[0,0],"11":[0,0],"12":[1,1]}}
,"D:\\Dev\\planner-case\\BackEnd\\src\\schemas\\allocation.schema.ts": {"path":"D:\\Dev\\planner-case\\BackEnd\\src\\schemas\\allocation.schema.ts","statementMap":{"0":{"start":{"line":1,"column":0},"end":{"line":1,"column":24}},"1":{"start":{"line":3,"column":13},"end":{"line":22,"column":3}},"2":{"start":{"line":9,"column":17},"end":{"line":9,"column":28}},"3":{"start":{"line":10,"column":19},"end":{"line":10,"column":51}},"4":{"start":{"line":11,"column":4},"end":{"line":11,"column":45}},"5":{"start":{"line":15,"column":17},"end":{"line":15,"column":28}},"6":{"start":{"line":16,"column":19},"end":{"line":16,"column":51}},"7":{"start":{"line":17,"column":4},"end":{"line":17,"column":45}},"8":{"start":{"line":24,"column":13},"end":{"line":24,"column":71}}},"fnMap":{"0":{"name":"(anonymous_0)","decl":{"start":{"line":8,"column":29},"end":{"line":8,"column":30}},"loc":{"start":{"line":8,"column":35},"end":{"line":12,"column":3}}},"1":{"name":"(anonymous_1)","decl":{"start":{"line":14,"column":34},"end":{"line":14,"column":35}},"loc":{"start":{"line":14,"column":40},"end":{"line":18,"column":3}}}},"branchMap":{},"s":{"0":4,"1":4,"2":2,"3":2,"4":2,"5":0,"6":0,"7":0,"8":4},"f":{"0":2,"1":0},"b":{}}
,"D:\\Dev\\planner-case\\BackEnd\\src\\schemas\\insurance.schema.ts": {"path":"D:\\Dev\\planner-case\\BackEnd\\src\\schemas\\insurance.schema.ts","statementMap":{"0":{"start":{"line":1,"column":0},"end":{"line":1,"column":24}},"1":{"start":{"line":3,"column":13},"end":{"line":14,"column":3}},"2":{"start":{"line":7,"column":17},"end":{"line":7,"column":28}},"3":{"start":{"line":8,"column":19},"end":{"line":8,"column":51}},"4":{"start":{"line":9,"column":4},"end":{"line":9,"column":45}},"5":{"start":{"line":16,"column":13},"end":{"line":16,"column":69}}},"fnMap":{"0":{"name":"(anonymous_0)","decl":{"start":{"line":6,"column":34},"end":{"line":6,"column":35}},"loc":{"start":{"line":6,"column":40},"end":{"line":10,"column":3}}}},"branchMap":{},"s":{"0":4,"1":4,"2":1,"3":1,"4":1,"5":4},"f":{"0":1},"b":{}}
,"D:\\Dev\\planner-case\\BackEnd\\src\\schemas\\movement.schema.ts": {"path":"D:\\Dev\\planner-case\\BackEnd\\src\\schemas\\movement.schema.ts","statementMap":{"0":{"start":{"line":1,"column":0},"end":{"line":1,"column":24}},"1":{"start":{"line":3,"column":13},"end":{"line":18,"column":3}},"2":{"start":{"line":9,"column":17},"end":{"line":9,"column":28}},"3":{"start":{"line":10,"column":19},"end":{"line":10,"column":51}},"4":{"start":{"line":11,"column":4},"end":{"line":11,"column":45}},"5":{"start":{"line":14,"column":17},"end":{"line":14,"column":28}},"6":{"start":{"line":15,"column":19},"end":{"line":15,"column":51}},"7":{"start":{"line":16,"column":4},"end":{"line":16,"column":45}},"8":{"start":{"line":20,"column":13},"end":{"line":20,"column":67}}},"fnMap":{"0":{"name":"(anonymous_0)","decl":{"start":{"line":8,"column":34},"end":{"line":8,"column":35}},"loc":{"start":{"line":8,"column":40},"end":{"line":12,"column":3}}},"1":{"name":"(anonymous_1)","decl":{"start":{"line":13,"column":32},"end":{"line":13,"column":33}},"loc":{"start":{"line":13,"column":38},"end":{"line":17,"column":3}}}},"branchMap":{},"s":{"0":4,"1":4,"2":2,"3":2,"4":2,"5":1,"6":1,"7":1,"8":4},"f":{"0":2,"1":1},"b":{}}
,"D:\\Dev\\planner-case\\BackEnd\\src\\schemas\\simulation.schema.ts": {"path":"D:\\Dev\\planner-case\\BackEnd\\src\\schemas\\simulation.schema.ts","statementMap":{"0":{"start":{"line":1,"column":0},"end":{"line":1,"column":24}},"1":{"start":{"line":3,"column":13},"end":{"line":12,"column":3}},"2":{"start":{"line":6,"column":17},"end":{"line":6,"column":28}},"3":{"start":{"line":7,"column":19},"end":{"line":7,"column":51}},"4":{"start":{"line":8,"column":4},"end":{"line":8,"column":45}},"5":{"start":{"line":14,"column":13},"end":{"line":14,"column":71}}},"fnMap":{"0":{"name":"(anonymous_0)","decl":{"start":{"line":5,"column":34},"end":{"line":5,"column":35}},"loc":{"start":{"line":5,"column":40},"end":{"line":9,"column":3}}}},"branchMap":{},"s":{"0":4,"1":4,"2":1,"3":1,"4":1,"5":4},"f":{"0":1},"b":{}}
,"D:\\Dev\\planner-case\\BackEnd\\src\\services\\projection.ts": {"path":"D:\\Dev\\planner-case\\BackEnd\\src\\services\\projection.ts","statementMap":{"0":{"start":{"line":12,"column":0},"end":{"line":12,"column":16}},"1":{"start":{"line":2,"column":0},"end":{"line":2,"column":43}},"2":{"start":{"line":13,"column":20},"end":{"line":13,"column":47}},"3":{"start":{"line":14,"column":18},"end":{"line":14,"column":22}},"4":{"start":{"line":15,"column":15},"end":{"line":15,"column":31}},"5":{"start":{"line":17,"column":17},"end":{"line":17,"column":35}},"6":{"start":{"line":19,"column":19},"end":{"line":19,"column":58}},"7":{"start":{"line":20,"column":20},"end":{"line":20,"column":60}},"8":{"start":{"line":28,"column":8},"end":{"line":28,"column":10}},"9":{"start":{"line":30,"column":2},"end":{"line":60,"column":3}},"10":{"start":{"line":30,"column":18},"end":{"line":30,"column":27}},"11":{"start":{"line":31,"column":4},"end":{"line":31,"column":27}},"12":{"start":{"line":33,"column":23},"end":{"line":33,"column":60}},"13":{"start":{"line":33,"column":44},"end":{"line":33,"column":59}},"14":{"start":{"line":35,"column":27},"end":{"line":35,"column":28}},"15":{"start":{"line":36,"column":27},"end":{"line":36,"column":28}},"16":{"start":{"line":38,"column":4},"end":{"line":45,"column":7}},"17":{"start":{"line":39,"column":6},"end":{"line":44,"column":7}},"18":{"start":{"line":40,"column":8},"end":{"line":40,"column":37}},"19":{"start":{"line":42,"column":8},"end":{"line":42,"column":37}},"20":{"start":{"line":43,"column":8},"end":{"line":43,"column":37}},"21":{"start":{"line":47,"column":4},"end":{"line":47,"column":35}},"22":{"start":{"line":48,"column":33},"end":{"line":48,"column":81}},"23":{"start":{"line":50,"column":18},"end":{"line":50,"column":42}},"24":{"start":{"line":51,"column":28},"end":{"line":51,"column":62}},"25":{"start":{"line":53,"column":4},"end":{"line":59,"column":7}},"26":{"start":{"line":62,"column":2},"end":{"line":62,"column":20}},"27":{"start":{"line":69,"column":2},"end":{"line":71,"column":42}},"28":{"start":{"line":70,"column":19},"end":{"line":70,"column":61}},"29":{"start":{"line":71,"column":24},"end":{"line":71,"column":37}}},"fnMap":{"0":{"name":"calculateProjection","decl":{"start":{"line":12,"column":16},"end":{"line":12,"column":35}},"loc":{"start":{"line":12,"column":64},"end":{"line":63,"column":1}}},"1":{"name":"(anonymous_1)","decl":{"start":{"line":33,"column":37},"end":{"line":33,"column":38}},"loc":{"start":{"line":33,"column":44},"end":{"line":33,"column":59}}},"2":{"name":"(anonymous_2)","decl":{"start":{"line":38,"column":23},"end":{"line":38,"column":24}},"loc":{"start":{"line":38,"column":29},"end":{"line":45,"column":5}}},"3":{"name":"getInitialPatrimonio","decl":{"start":{"line":65,"column":9},"end":{"line":65,"column":29}},"loc":{"start":{"line":67,"column":36},"end":{"line":72,"column":1}}},"4":{"name":"(anonymous_4)","decl":{"start":{"line":70,"column":12},"end":{"line":70,"column":13}},"loc":{"start":{"line":70,"column":19},"end":{"line":70,"column":61}}},"5":{"name":"(anonymous_5)","decl":{"start":{"line":71,"column":12},"end":{"line":71,"column":13}},"loc":{"start":{"line":71,"column":24},"end":{"line":71,"column":37}}}},"branchMap":{"0":{"loc":{"start":{"line":15,"column":15},"end":{"line":15,"column":31}},"type":"binary-expr","locations":[{"start":{"line":15,"column":15},"end":{"line":15,"column":23}},{"start":{"line":15,"column":27},"end":{"line":15,"column":31}}]},"1":{"loc":{"start":{"line":39,"column":6},"end":{"line":44,"column":7}},"type":"if","locations":[{"start":{"line":39,"column":6},"end":{"line":44,"column":7}},{"start":{"line":41,"column":13},"end":{"line":44,"column":7}}]},"2":{"loc":{"start":{"line":39,"column":10},"end":{"line":39,"column":85}},"type":"binary-expr","locations":[{"start":{"line":39,"column":10},"end":{"line":39,"column":45}},{"start":{"line":39,"column":49},"end":{"line":39,"column":85}}]},"3":{"loc":{"start":{"line":70,"column":19},"end":{"line":70,"column":61}},"type":"binary-expr","locations":[{"start":{"line":70,"column":19},"end":{"line":70,"column":34}},{"start":{"line":70,"column":38},"end":{"line":70,"column":61}}]}},"s":{"0":5,"1":5,"2":5,"3":5,"4":5,"5":5,"6":5,"7":5,"8":5,"9":5,"10":5,"11":182,"12":182,"13":6216,"14":182,"15":182,"16":182,"17":168,"18":16,"19":152,"20":152,"21":182,"22":182,"23":182,"24":182,"25":182,"26":5,"27":10,"28":16,"29":8},"f":{"0":5,"1":6216,"2":168,"3":10,"4":16,"5":8},"b":{"0":[5,1],"1":[16,152],"2":[168,156],"3":[16,8]}}
,"D:\\Dev\\planner-case\\BackEnd\\src\\services\\timeline.ts": {"path":"D:\\Dev\\planner-case\\BackEnd\\src\\services\\timeline.ts","statementMap":{"0":{"start":{"line":11,"column":0},"end":{"line":11,"column":16}},"1":{"start":{"line":12,"column":20},"end":{"line":12,"column":50}},"2":{"start":{"line":13,"column":18},"end":{"line":13,"column":22}},"3":{"start":{"line":15,"column":68},"end":{"line":15,"column":70}},"4":{"start":{"line":17,"column":2},"end":{"line":25,"column":5}},"5":{"start":{"line":18,"column":4},"end":{"line":24,"column":5}},"6":{"start":{"line":19,"column":6},"end":{"line":23,"column":9}},"7":{"start":{"line":27,"column":2},"end":{"line":54,"column":5}},"8":{"start":{"line":28,"column":18},"end":{"line":28,"column":46}},"9":{"start":{"line":29,"column":16},"end":{"line":29,"column":64}},"10":{"start":{"line":31,"column":4},"end":{"line":53,"column":5}},"11":{"start":{"line":31,"column":20},"end":{"line":31,"column":25}},"12":{"start":{"line":32,"column":18},"end":{"line":32,"column":19}},"13":{"start":{"line":34,"column":6},"end":{"line":38,"column":7}},"14":{"start":{"line":35,"column":23},"end":{"line":35,"column":44}},"15":{"start":{"line":35,"column":45},"end":{"line":35,"column":51}},"16":{"start":{"line":36,"column":22},"end":{"line":36,"column":38}},"17":{"start":{"line":36,"column":39},"end":{"line":36,"column":45}},"18":{"start":{"line":37,"column":22},"end":{"line":37,"column":59}},"19":{"start":{"line":37,"column":60},"end":{"line":37,"column":66}},"20":{"start":{"line":40,"column":6},"end":{"line":40,"column":32}},"21":{"start":{"line":40,"column":23},"end":{"line":40,"column":32}},"22":{"start":{"line":42,"column":6},"end":{"line":52,"column":7}},"23":{"start":{"line":43,"column":8},"end":{"line":45,"column":9}},"24":{"start":{"line":44,"column":10},"end":{"line":44,"column":65}},"25":{"start":{"line":47,"column":8},"end":{"line":51,"column":9}},"26":{"start":{"line":48,"column":10},"end":{"line":48,"column":74}},"27":{"start":{"line":50,"column":10},"end":{"line":50,"column":64}},"28":{"start":{"line":56,"column":2},"end":{"line":75,"column":5}},"29":{"start":{"line":57,"column":18},"end":{"line":57,"column":46}},"30":{"start":{"line":58,"column":16},"end":{"line":58,"column":51}},"31":{"start":{"line":60,"column":4},"end":{"line":74,"column":5}},"32":{"start":{"line":60,"column":20},"end":{"line":60,"column":25}},"33":{"start":{"line":61,"column":6},"end":{"line":65,"column":9}},"34":{"start":{"line":67,"column":6},"end":{"line":73,"column":7}},"35":{"start":{"line":68,"column":8},"end":{"line":72,"column":11}},"36":{"start":{"line":77,"column":2},"end":{"line":77,"column":41}},"37":{"start":{"line":77,"column":24},"end":{"line":77,"column":39}},"38":{"start":{"line":79,"column":2},"end":{"line":79,"column":16}}},"fnMap":{"0":{"name":"buildTimeline","decl":{"start":{"line":11,"column":16},"end":{"line":11,"column":29}},"loc":{"start":{"line":11,"column":58},"end":{"line":80,"column":1}}},"1":{"name":"(anonymous_1)","decl":{"start":{"line":17,"column":26},"end":{"line":17,"column":27}},"loc":{"start":{"line":17,"column":32},"end":{"line":25,"column":3}}},"2":{"name":"(anonymous_2)","decl":{"start":{"line":27,"column":24},"end":{"line":27,"column":25}},"loc":{"start":{"line":27,"column":30},"end":{"line":54,"column":3}}},"3":{"name":"(anonymous_3)","decl":{"start":{"line":56,"column":25},"end":{"line":56,"column":26}},"loc":{"start":{"line":56,"column":31},"end":{"line":75,"column":3}}},"4":{"name":"(anonymous_4)","decl":{"start":{"line":77,"column":14},"end":{"line":77,"column":15}},"loc":{"start":{"line":77,"column":24},"end":{"line":77,"column":39}}}},"branchMap":{"0":{"loc":{"start":{"line":18,"column":4},"end":{"line":24,"column":5}},"type":"if","locations":[{"start":{"line":18,"column":4},"end":{"line":24,"column":5}},{"start":{},"end":{}}]},"1":{"loc":{"start":{"line":29,"column":16},"end":{"line":29,"column":64}},"type":"cond-expr","locations":[{"start":{"line":29,"column":28},"end":{"line":29,"column":54}},{"start":{"line":29,"column":57},"end":{"line":29,"column":64}}]},"2":{"loc":{"start":{"line":34,"column":6},"end":{"line":38,"column":7}},"type":"switch","locations":[{"start":{"line":35,"column":8},"end":{"line":35,"column":51}},{"start":{"line":36,"column":8},"end":{"line":36,"column":45}},{"start":{"line":37,"column":8},"end":{"line":37,"column":66}}]},"3":{"loc":{"start":{"line":37,"column":30},"end":{"line":37,"column":58}},"type":"cond-expr","locations":[{"start":{"line":37,"column":47},"end":{"line":37,"column":54}},{"start":{"line":37,"column":57},"end":{"line":37,"column":58}}]},"4":{"loc":{"start":{"line":40,"column":6},"end":{"line":40,"column":32}},"type":"if","locations":[{"start":{"line":40,"column":6},"end":{"line":40,"column":32}},{"start":{},"end":{}}]},"5":{"loc":{"start":{"line":42,"column":6},"end":{"line":52,"column":7}},"type":"if","locations":[{"start":{"line":42,"column":6},"end":{"line":52,"column":7}},{"start":{"line":46,"column":13},"end":{"line":52,"column":7}}]},"6":{"loc":{"start":{"line":43,"column":8},"end":{"line":45,"column":9}},"type":"if","locations":[{"start":{"line":43,"column":8},"end":{"line":45,"column":9}},{"start":{},"end":{}}]},"7":{"loc":{"start":{"line":47,"column":8},"end":{"line":51,"column":9}},"type":"if","locations":[{"start":{"line":47,"column":8},"end":{"line":51,"column":9}},{"start":{"line":49,"column":15},"end":{"line":51,"column":9}}]},"8":{"loc":{"start":{"line":67,"column":6},"end":{"line":73,"column":7}},"type":"if","locations":[{"start":{"line":67,"column":6},"end":{"line":73,"column":7}},{"start":{},"end":{}}]}},"s":{"0":6,"1":15,"2":15,"3":15,"4":15,"5":11,"6":10,"7":15,"8":11,"9":11,"10":11,"11":11,"12":190,"13":190,"14":4,"15":4,"16":150,"17":150,"18":36,"19":36,"20":190,"21":35,"22":155,"23":152,"24":151,"25":3,"26":1,"27":2,"28":15,"29":6,"30":6,"31":6,"32":6,"33":17,"34":17,"35":6,"36":15,"37":250,"38":15},"f":{"0":15,"1":11,"2":11,"3":6,"4":250},"b":{"0":[10,1],"1":[5,6],"2":[4,150,36],"3":[1,35],"4":[35,155],"5":[152,3],"6":[151,1],"7":[1,2],"8":[6,11]}}
}
