TN:
SF:src\server.ts
FN:3,(anonymous_1)
FNF:1
FNH:0
FNDA:0,(anonymous_1)
DA:1,0
DA:3,0
DA:4,0
DA:5,0
LF:4
LH:0
BRF:0
BRH:0
end_of_record
TN:
SF:src\generated\prisma\client.d.ts
FNF:0
FNH:0
LF:0
LH:0
BRF:0
BRH:0
end_of_record
TN:
SF:src\generated\prisma\default.d.ts
FNF:0
FNH:0
LF:0
LH:0
BRF:0
BRH:0
end_of_record
TN:
SF:src\generated\prisma\edge.d.ts
FNF:0
FNH:0
LF:0
LH:0
BRF:0
BRH:0
end_of_record
TN:
SF:src\generated\prisma\index.d.ts
FNF:0
FNH:0
LF:0
LH:0
BRF:0
BRH:0
end_of_record
TN:
SF:src\generated\prisma\wasm.d.ts
FNF:0
FNH:0
LF:0
LH:0
BRF:0
BRH:0
end_of_record
TN:
SF:src\generated\prisma\runtime\index-browser.d.ts
FNF:0
FNH:0
LF:0
LH:0
BRF:0
BRH:0
end_of_record
TN:
SF:src\generated\prisma\runtime\library.d.ts
FNF:0
FNH:0
LF:0
LH:0
BRF:0
BRH:0
end_of_record
TN:
SF:src\plugins\prisma.ts
FN:6,(anonymous_1)
FN:10,(anonymous_2)
FNF:2
FNH:2
FNDA:4,(anonymous_1)
FNDA:4,(anonymous_2)
DA:1,4
DA:2,4
DA:4,4
DA:6,4
DA:8,4
DA:10,4
DA:11,4
LF:7
LH:7
BRF:0
BRH:0
end_of_record
TN:
SF:src\routes\allocations.ts
FN:4,allocationsRoutes
FN:5,(anonymous_1)
FN:11,(anonymous_2)
FN:15,(anonymous_3)
FN:24,(anonymous_4)
FN:34,(anonymous_5)
FNF:6
FNH:6
FNDA:4,allocationsRoutes
FNDA:2,(anonymous_1)
FNDA:1,(anonymous_2)
FNDA:2,(anonymous_3)
FNDA:1,(anonymous_4)
FNDA:1,(anonymous_5)
DA:2,4
DA:4,4
DA:5,4
DA:6,2
DA:7,2
DA:8,2
DA:11,4
DA:12,1
DA:15,4
DA:16,2
DA:17,2
DA:20,2
DA:21,1
DA:24,4
DA:25,1
DA:26,1
DA:27,1
DA:31,1
DA:34,4
DA:35,1
DA:36,1
DA:37,1
LF:22
LH:22
BRDA:20,0,0,1
BRDA:20,0,1,1
BRF:2
BRH:2
end_of_record
TN:
SF:src\routes\insurances.ts
FN:5,insurancesRoutes
FN:6,(anonymous_1)
FN:12,(anonymous_2)
FN:16,(anonymous_3)
FN:25,(anonymous_4)
FN:35,(anonymous_5)
FNF:6
FNH:6
FNDA:4,insurancesRoutes
FNDA:1,(anonymous_1)
FNDA:1,(anonymous_2)
FNDA:2,(anonymous_3)
FNDA:1,(anonymous_4)
FNDA:2,(anonymous_5)
DA:2,4
DA:3,4
DA:5,4
DA:6,4
DA:7,1
DA:8,1
DA:9,1
DA:12,4
DA:13,1
DA:16,4
DA:17,2
DA:18,2
DA:21,2
DA:22,1
DA:25,4
DA:26,1
DA:27,1
DA:28,1
DA:32,1
DA:35,4
DA:36,2
DA:37,2
DA:38,2
DA:39,1
DA:41,1
DA:42,1
DA:43,1
DA:46,0
LF:28
LH:27
BRDA:21,0,0,1
BRDA:21,0,1,1
BRDA:41,1,0,1
BRDA:41,1,1,0
BRDA:42,2,0,1
BRDA:42,2,1,0
BRF:6
BRH:4
end_of_record
TN:
SF:src\routes\movements.ts
FN:5,movementsRoutes
FN:6,(anonymous_1)
FN:12,(anonymous_2)
FN:16,(anonymous_3)
FN:25,(anonymous_4)
FN:35,(anonymous_5)
FNF:6
FNH:6
FNDA:4,movementsRoutes
FNDA:2,(anonymous_1)
FNDA:1,(anonymous_2)
FNDA:2,(anonymous_3)
FNDA:1,(anonymous_4)
FNDA:2,(anonymous_5)
DA:2,4
DA:3,4
DA:5,4
DA:6,4
DA:7,2
DA:8,2
DA:9,2
DA:12,4
DA:13,1
DA:16,4
DA:17,2
DA:18,2
DA:21,2
DA:22,1
DA:25,4
DA:26,1
DA:27,1
DA:28,1
DA:32,1
DA:35,4
DA:36,2
DA:37,2
DA:38,2
DA:39,1
DA:41,1
DA:42,1
DA:43,1
DA:46,0
LF:28
LH:27
BRDA:21,0,0,1
BRDA:21,0,1,1
BRDA:41,1,0,1
BRDA:41,1,1,0
BRDA:42,2,0,1
BRDA:42,2,1,0
BRF:6
BRH:4
end_of_record
TN:
SF:src\routes\simulations.ts
FN:6,simulationsRoutes
FN:8,(anonymous_1)
FN:18,(anonymous_2)
FN:29,(anonymous_3)
FN:45,(anonymous_4)
FN:55,(anonymous_5)
FN:61,(anonymous_6)
FN:82,(anonymous_7)
FN:117,(anonymous_8)
FN:125,(anonymous_9)
FN:134,(anonymous_10)
FN:150,(anonymous_11)
FN:172,(anonymous_12)
FNF:13
FNH:11
FNDA:4,simulationsRoutes
FNDA:1,(anonymous_1)
FNDA:1,(anonymous_2)
FNDA:2,(anonymous_3)
FNDA:0,(anonymous_4)
FNDA:1,(anonymous_5)
FNDA:2,(anonymous_6)
FNDA:2,(anonymous_7)
FNDA:1,(anonymous_8)
FNDA:1,(anonymous_9)
FNDA:1,(anonymous_10)
FNDA:0,(anonymous_11)
FNDA:2,(anonymous_12)
DA:2,4
DA:3,4
DA:4,4
DA:6,4
DA:8,4
DA:9,1
DA:11,1
DA:15,1
DA:18,4
DA:19,1
DA:29,4
DA:30,2
DA:31,2
DA:41,2
DA:42,1
DA:45,4
DA:46,0
DA:47,0
DA:48,0
DA:52,0
DA:55,4
DA:56,1
DA:57,1
DA:58,1
DA:61,4
DA:62,2
DA:64,2
DA:73,2
DA:74,1
DA:77,1
DA:79,1
DA:82,4
DA:83,2
DA:84,2
DA:86,2
DA:95,2
DA:96,1
DA:99,1
DA:101,1
DA:106,1
DA:108,1
DA:117,1
DA:125,1
DA:134,1
DA:146,1
DA:150,4
DA:151,0
DA:152,0
DA:156,0
DA:157,0
DA:160,0
DA:162,0
DA:169,0
DA:172,4
DA:173,2
DA:175,2
DA:184,2
DA:185,1
DA:188,1
DA:190,1
LF:60
LH:49
BRDA:41,0,0,1
BRDA:41,0,1,1
BRDA:73,1,0,1
BRDA:73,1,1,1
BRDA:84,2,0,2
BRDA:84,2,1,2
BRDA:95,3,0,1
BRDA:95,3,1,1
BRDA:99,4,0,1
BRDA:99,4,1,1
BRDA:106,5,0,1
BRDA:106,5,1,0
BRDA:110,6,0,1
BRDA:110,6,1,1
BRDA:112,7,0,1
BRDA:112,7,1,1
BRDA:113,8,0,1
BRDA:113,8,1,1
BRDA:115,9,0,1
BRDA:115,9,1,1
BRDA:156,10,0,0
BRDA:156,10,1,0
BRDA:160,11,0,0
BRDA:160,11,1,0
BRDA:184,12,0,1
BRDA:184,12,1,1
BRF:26
BRH:21
end_of_record
TN:
SF:src\schemas\allocation.schema.ts
FN:8,(anonymous_0)
FN:14,(anonymous_1)
FNF:2
FNH:1
FNDA:2,(anonymous_0)
FNDA:0,(anonymous_1)
DA:1,4
DA:3,4
DA:9,2
DA:10,2
DA:11,2
DA:15,0
DA:16,0
DA:17,0
DA:24,4
LF:9
LH:6
BRF:0
BRH:0
end_of_record
TN:
SF:src\schemas\insurance.schema.ts
FN:6,(anonymous_0)
FNF:1
FNH:1
FNDA:1,(anonymous_0)
DA:1,4
DA:3,4
DA:7,1
DA:8,1
DA:9,1
DA:16,4
LF:6
LH:6
BRF:0
BRH:0
end_of_record
TN:
SF:src\schemas\movement.schema.ts
FN:8,(anonymous_0)
FN:13,(anonymous_1)
FNF:2
FNH:2
FNDA:2,(anonymous_0)
FNDA:1,(anonymous_1)
DA:1,4
DA:3,4
DA:9,2
DA:10,2
DA:11,2
DA:14,1
DA:15,1
DA:16,1
DA:20,4
LF:9
LH:9
BRF:0
BRH:0
end_of_record
TN:
SF:src\schemas\simulation.schema.ts
FN:5,(anonymous_0)
FNF:1
FNH:1
FNDA:1,(anonymous_0)
DA:1,4
DA:3,4
DA:6,1
DA:7,1
DA:8,1
DA:14,4
LF:6
LH:6
BRF:0
BRH:0
end_of_record
TN:
SF:src\services\projection.ts
FN:12,calculateProjection
FN:33,(anonymous_1)
FN:38,(anonymous_2)
FN:65,getInitialPatrimonio
FN:70,(anonymous_4)
FN:71,(anonymous_5)
FNF:6
FNH:6
FNDA:5,calculateProjection
FNDA:6216,(anonymous_1)
FNDA:168,(anonymous_2)
FNDA:10,getInitialPatrimonio
FNDA:16,(anonymous_4)
FNDA:8,(anonymous_5)
DA:2,5
DA:12,5
DA:13,5
DA:14,5
DA:15,5
DA:17,5
DA:19,5
DA:20,5
DA:28,5
DA:30,5
DA:31,182
DA:33,6216
DA:35,182
DA:36,182
DA:38,182
DA:39,168
DA:40,16
DA:42,152
DA:43,152
DA:47,182
DA:48,182
DA:50,182
DA:51,182
DA:53,182
DA:62,5
DA:69,10
DA:70,16
DA:71,8
LF:28
LH:28
BRDA:15,0,0,5
BRDA:15,0,1,1
BRDA:39,1,0,16
BRDA:39,1,1,152
BRDA:39,2,0,168
BRDA:39,2,1,156
BRDA:70,3,0,16
BRDA:70,3,1,8
BRF:8
BRH:8
end_of_record
TN:
SF:src\services\timeline.ts
FN:11,buildTimeline
FN:17,(anonymous_1)
FN:27,(anonymous_2)
FN:56,(anonymous_3)
FN:77,(anonymous_4)
FNF:5
FNH:5
FNDA:15,buildTimeline
FNDA:11,(anonymous_1)
FNDA:11,(anonymous_2)
FNDA:6,(anonymous_3)
FNDA:250,(anonymous_4)
DA:11,6
DA:12,15
DA:13,15
DA:15,15
DA:17,15
DA:18,11
DA:19,10
DA:27,15
DA:28,11
DA:29,11
DA:31,11
DA:32,190
DA:34,190
DA:35,4
DA:36,150
DA:37,36
DA:40,190
DA:42,155
DA:43,152
DA:44,151
DA:47,3
DA:48,1
DA:50,2
DA:56,15
DA:57,6
DA:58,6
DA:60,6
DA:61,17
DA:67,17
DA:68,6
DA:77,250
DA:79,15
LF:32
LH:32
BRDA:18,0,0,10
BRDA:18,0,1,1
BRDA:29,1,0,5
BRDA:29,1,1,6
BRDA:34,2,0,4
BRDA:34,2,1,150
BRDA:34,2,2,36
BRDA:37,3,0,1
BRDA:37,3,1,35
BRDA:40,4,0,35
BRDA:40,4,1,155
BRDA:42,5,0,152
BRDA:42,5,1,3
BRDA:43,6,0,151
BRDA:43,6,1,1
BRDA:47,7,0,1
BRDA:47,7,1,2
BRDA:67,8,0,6
BRDA:67,8,1,11
BRF:19
BRH:19
end_of_record
